2020.07.06 18:46:42 INFO  started: Metals version 0.9.1 in workspace 'C:\Users\gjuoun\Code\Sbt\test'
2020.07.06 18:46:42 INFO  time: initialize in 0.26s
2020.07.06 18:46:43 INFO  no build target: using presentation compiler with only scala-library
2020.07.06 18:46:48 INFO  running 'C:\Program Files\Java\jdk1.8.0_251\bin\java -Djline.terminal=jline.UnsupportedTerminal -Dsbt.log.noformat=true -Dfile.encoding=UTF-8 -jar C:\Users\gjuoun\AppData\Local\Temp\metals4987889194098248464\sbt-launch.jar -Dbloop.export-jar-classifiers=sources bloopInstall'
2020.07.06 18:46:51 INFO  [info] welcome to sbt 1.3.13 (Oracle Corporation Java 1.8.0_251)
2020.07.06 18:46:52 INFO  [info] loading global plugins from C:\Users\gjuoun\.sbt\1.0\plugins
2020.07.06 18:46:54 INFO  [info] loading settings for project test-build from metals.sbt ...
2020.07.06 18:46:54 INFO  [info] loading project definition from C:\Users\gjuoun\Code\Sbt\test\project
2020.07.06 18:46:55 INFO  [warn] There may be incompatibilities among your library dependencies; run 'evicted' to see detailed eviction warnings.
2020.07.06 18:46:55 INFO  [info] loading settings for project test from build.sbt ...
2020.07.06 18:46:55 INFO  [info] set current project to test (in build file:/C:/Users/gjuoun/Code/Sbt/test/)
2020.07.06 18:46:57 INFO  [success] Generated .bloop\test.json
2020.07.06 18:46:57 INFO  [success] Generated .bloop\test-test.json
2020.07.06 18:46:57 INFO  [success] Total time: 1 s, completed Jul 6, 2020 6:46:57 PM
2020.07.06 18:46:57 INFO  build tool exit: 0
2020.07.06 18:46:57 INFO  time: ran 'sbt bloopInstall' in 9.15s
Starting the bsp launcher for bloop...
Opening a bsp server connection with 'bsp --protocol tcp --port 33119'...
Waiting for the bsp connection to come up...
Waiting for the bsp connection to come up...
Waiting for the bsp connection to come up...
Waiting for the bsp connection to come up...
Waiting for the bsp connection to come up...
Waiting for the bsp connection to come up...
No server running at 127.0.0.1:8212, let's fire one...
Resolving ch.epfl.scala:bloop-frontend_2.12:1.4.3...
Starting bloop server at 127.0.0.1:8212...
Attempting a connection to the server...
[0m[32m[D][0m Loading 2 projects from 'c:\Users\gjuoun\Code\Sbt\test\.bloop'...
[0m[32m[D][0m Loading project from 'c:\Users\gjuoun\Code\Sbt\test\.bloop\test.json'
[0m[32m[D][0m Loading project from 'c:\Users\gjuoun\Code\Sbt\test\.bloop\test-test.json'
[0m[32m[D][0m Cache miss for scala instance org.scala-lang:scala-compiler:2.12.10.
[0m[32m[D][0m   => C:\Users\gjuoun\.sbt\boot\scala-2.12.10\lib\jansi.jar
[0m[32m[D][0m   => C:\Users\gjuoun\.sbt\boot\scala-2.12.10\lib\jline.jar
[0m[32m[D][0m   => C:\Users\gjuoun\.sbt\boot\scala-2.12.10\lib\scala-compiler.jar
[0m[32m[D][0m   => C:\Users\gjuoun\.sbt\boot\scala-2.12.10\lib\scala-library.jar
[0m[32m[D][0m   => C:\Users\gjuoun\.sbt\boot\scala-2.12.10\lib\scala-reflect.jar
[0m[32m[D][0m   => C:\Users\gjuoun\.sbt\boot\scala-2.12.10\lib\scala-xml_2.12.jar
[0m[32m[D][0m Missing analysis file for project 'test'
[0m[32m[D][0m Missing analysis file for project 'test-test'
[0m[32m[D][0m Waiting for a connection at 127.0.0.1:33119...
The server is listening for incoming connections at tcp://127.0.0.1:33119...
Starting thread that pumps stdin and redirects it to the bsp server...
Starting thread that pumps server stdout and redirects it to the client stdout...
2020.07.06 18:47:04 INFO  tracing is disabled for protocol BSP, to enable tracing of incoming and outgoing JSON messages create an empty file at C:\Users\gjuoun\AppData\Local\scalameta\metals\cache\bsp.trace.json
2020.07.06 18:47:08 INFO  time: connected to build server in 11s
2020.07.06 18:47:08 INFO  Connected to Build server v1.4.3
2020.07.06 18:47:09 INFO  time: indexed workspace in 0.5s
2020.07.06 18:48:16 INFO  compiling test (1 scala source)
2020.07.06 18:48:23 INFO  time: compiled test in 7.54s
Jul 06, 2020 6:48:24 PM org.eclipse.lsp4j.jsonrpc.RemoteEndpoint handleCancellation
WARNING: Unmatched cancel notification for request id 44
2020.07.06 18:48:27 INFO  compiling test (1 scala source)
2020.07.06 18:48:27 INFO  time: compiled test in 0.59s
2020.07.06 18:48:35 INFO  compiling test (1 scala source)
2020.07.06 18:48:35 INFO  time: compiled test in 0.46s
Jul 06, 2020 6:49:55 PM org.eclipse.lsp4j.jsonrpc.services.GenericEndpoint notify
INFO: Unsupported notification method: $/setTraceNotification
2020.07.06 19:41:25 INFO  skipping build import with status 'Dismissed'
2020.07.06 19:41:26 INFO  skipping build import with status 'Dismissed'
2020.07.06 19:41:30 INFO  skipping build import with status 'Dismissed'
2020.07.06 19:41:36 INFO  skipping build import with status 'Dismissed'
2020.07.06 19:46:33 INFO  compiling test (1 scala source)
2020.07.06 19:46:33 INFO  time: compiled test in 0.64s
2020.07.06 19:47:18 INFO  compiling test (1 scala source)
2020.07.06 19:47:18 INFO  time: compiled test in 0.5s
2020.07.06 19:47:18 INFO  compiling test-test (1 scala source)
2020.07.06 19:47:18 INFO  time: compiled test-test in 82ms
2020.07.06 19:47:24 INFO  compiling test-test (1 scala source)
2020.07.06 19:47:24 INFO  time: compiled test-test in 83ms
2020.07.06 19:47:58 INFO  compiling test-test (1 scala source)
2020.07.06 19:47:58 INFO  time: compiled test-test in 0.12s
2020.07.06 19:48:00 INFO  compiling test-test (1 scala source)
2020.07.06 19:48:00 INFO  time: compiled test-test in 76ms
2020.07.06 19:48:35 INFO  skipping build import with status 'Dismissed'
2020.07.06 19:48:39 INFO  running 'C:\Program Files\Java\jdk1.8.0_251\bin\java -Djline.terminal=jline.UnsupportedTerminal -Dsbt.log.noformat=true -Dfile.encoding=UTF-8 -jar C:\Users\gjuoun\AppData\Local\Temp\metals9148660380185789892\sbt-launch.jar -Dbloop.export-jar-classifiers=sources bloopInstall'
2020.07.06 19:48:42 INFO  [info] welcome to sbt 1.3.13 (Oracle Corporation Java 1.8.0_251)
2020.07.06 19:48:43 INFO  [info] loading global plugins from C:\Users\gjuoun\.sbt\1.0\plugins
2020.07.06 19:48:43 INFO  [info] loading settings for project test-build from metals.sbt ...
2020.07.06 19:48:43 INFO  [info] loading project definition from C:\Users\gjuoun\Code\Sbt\test\project
2020.07.06 19:48:46 INFO  [info] loading settings for project hello from build.sbt ...
2020.07.06 19:48:46 INFO  [info] set current project to Hello (in build file:/C:/Users/gjuoun/Code/Sbt/test/)
2020.07.06 19:48:50 INFO  [success] Generated .bloop\hello.json
2020.07.06 19:48:50 INFO  [success] Generated .bloop\hello-test.json
2020.07.06 19:48:50 INFO  [warn] Removed stale C:\Users\gjuoun\Code\Sbt\test\.bloop\test.json
2020.07.06 19:48:50 INFO  [warn] Removed stale C:\Users\gjuoun\Code\Sbt\test\.bloop\test-test.json
2020.07.06 19:48:50 INFO  [success] Total time: 3 s, completed Jul 6, 2020 7:48:50 PM
2020.07.06 19:48:50 INFO  build tool exit: 0
2020.07.06 19:48:50 INFO  time: ran 'sbt bloopInstall' in 11s
2020.07.06 19:48:50 INFO  disconnected: build server
No more data in the client stdin, exiting...
2020.07.06 19:48:51 INFO  tracing is disabled for protocol BSP, to enable tracing of incoming and outgoing JSON messages create an empty file at C:\Users\gjuoun\AppData\Local\scalameta\metals\cache\bsp.trace.json
2020.07.06 19:48:51 INFO  time: connected to build server in 1.04s
2020.07.06 19:48:51 INFO  Connected to Build server v1.4.3
2020.07.06 19:48:51 INFO  time: indexed workspace in 0.95s
2020.07.06 19:48:52 WARN  unsupported Scala 2.12.7
2020.07.06 19:48:52 WARN  unsupported Scala 2.12.7
2020.07.06 19:48:52 INFO  compiling hello (1 scala source)
2020.07.06 19:48:59 INFO  time: compiled hello in 6.94s
2020.07.06 19:48:59 INFO  compiling hello-test (1 scala source)
2020.07.06 19:48:59 INFO  time: compiled hello-test in 0.39s
2020.07.06 20:04:38 INFO  skipping build import with status 'Dismissed'
2020.07.06 20:04:41 INFO  skipping build import with status 'Dismissed'
2020.07.06 20:06:51 INFO  skipping build import with status 'Dismissed'
2020.07.06 20:06:51 INFO  running 'C:\Program Files\Java\jdk1.8.0_251\bin\java -Djline.terminal=jline.UnsupportedTerminal -Dsbt.log.noformat=true -Dfile.encoding=UTF-8 -jar C:\Users\gjuoun\AppData\Local\Temp\metals3560110275347806914\sbt-launch.jar -Dbloop.export-jar-classifiers=sources bloopInstall'
2020.07.06 20:06:55 INFO  [info] welcome to sbt 1.3.13 (Oracle Corporation Java 1.8.0_251)
2020.07.06 20:06:56 INFO  [info] loading global plugins from C:\Users\gjuoun\.sbt\1.0\plugins
2020.07.06 20:06:56 INFO  [info] loading settings for project test-build from metals.sbt ...
2020.07.06 20:06:56 INFO  [info] loading project definition from C:\Users\gjuoun\Code\Sbt\test\project
2020.07.06 20:06:58 ERROR C:\Users\gjuoun\Code\Sbt\test\build.sbt:13: error: not found: value scalaTest
2020.07.06 20:06:58 ERROR     libraryDependencies += scalaTest % Test
2020.07.06 20:06:58 ERROR                            ^
2020.07.06 20:06:58 INFO  [error] sbt.compiler.EvalException: Type error in expression
2020.07.06 20:06:58 INFO  [error] Use 'last' for the full log.
2020.07.06 20:06:58 INFO  Project loading failed: (r)etry, (q)uit, (l)ast, or (i)gnore? 
2020.07.06 20:06:58 INFO  build tool exit: 1
2020.07.06 20:06:58 INFO  time: ran 'sbt bloopInstall' in 6.77s
2020.07.06 20:06:58 INFO  disconnected: build server
2020.07.06 20:06:58 ERROR sbt command failed: C:\Program Files\Java\jdk1.8.0_251\bin\java -Djline.terminal=jline.UnsupportedTerminal -Dsbt.log.noformat=true -Dfile.encoding=UTF-8 -jar C:\Users\gjuoun\AppData\Local\Temp\metals3560110275347806914\sbt-launch.jar -Dbloop.export-jar-classifiers=sources bloopInstall
2020.07.06 20:06:58 INFO  tracing is disabled for protocol BSP, to enable tracing of incoming and outgoing JSON messages create an empty file at C:\Users\gjuoun\AppData\Local\scalameta\metals\cache\bsp.trace.json
2020.07.06 20:06:59 INFO  time: connected to build server in 0.95s
2020.07.06 20:06:59 INFO  Connected to Build server v1.4.3
2020.07.06 20:06:59 INFO  time: indexed workspace in 0.17s
2020.07.06 20:07:00 WARN  unsupported Scala 2.12.7
2020.07.06 20:07:00 WARN  unsupported Scala 2.12.7
2020.07.06 20:07:08 INFO  skipping build import with status 'Dismissed'
2020.07.06 20:07:15 INFO  skipping build import with status 'Dismissed'
2020.07.06 20:15:26 ERROR scalafmt: C:\Users\gjuoun\Code\Sbt\test\build.sbt:8: error: identifier expected but ( found
(
^
2020.07.06 20:20:13 INFO  running 'C:\Program Files\Java\jdk1.8.0_251\bin\java -Djline.terminal=jline.UnsupportedTerminal -Dsbt.log.noformat=true -Dfile.encoding=UTF-8 -jar C:\Users\gjuoun\AppData\Local\Temp\metals7655845608325619145\sbt-launch.jar -Dbloop.export-jar-classifiers=sources bloopInstall'
2020.07.06 20:20:17 INFO  [info] welcome to sbt 1.3.13 (Oracle Corporation Java 1.8.0_251)
2020.07.06 20:20:18 INFO  [info] loading global plugins from C:\Users\gjuoun\.sbt\1.0\plugins
2020.07.06 20:20:19 INFO  [info] loading settings for project test-build from metals.sbt ...
2020.07.06 20:20:19 INFO  [info] loading project definition from C:\Users\gjuoun\Code\Sbt\test\project
2020.07.06 20:20:19 INFO  [info] loading settings for project hello from build.sbt ...
2020.07.06 20:20:19 INFO  [info] set current project to Hello (in build file:/C:/Users/gjuoun/Code/Sbt/test/)
2020.07.06 20:20:21 INFO  [success] Generated .bloop\helloCore.json
2020.07.06 20:20:21 INFO  [success] Generated .bloop\helloCore-test.json
2020.07.06 20:20:21 INFO  [success] Generated .bloop\hello.json
2020.07.06 20:20:21 INFO  [success] Generated .bloop\hello-test.json
2020.07.06 20:20:21 INFO  [success] Total time: 1 s, completed Jul 6, 2020 8:20:21 PM
2020.07.06 20:20:21 INFO  build tool exit: 0
2020.07.06 20:20:21 INFO  time: ran 'sbt bloopInstall' in 7.71s
2020.07.06 20:20:21 INFO  disconnected: build server
2020.07.06 20:20:22 INFO  tracing is disabled for protocol BSP, to enable tracing of incoming and outgoing JSON messages create an empty file at C:\Users\gjuoun\AppData\Local\scalameta\metals\cache\bsp.trace.json
2020.07.06 20:20:22 INFO  time: connected to build server in 1.03s
2020.07.06 20:20:22 INFO  Connected to Build server v1.4.3
2020.07.06 20:20:22 INFO  time: indexed workspace in 0.19s
2020.07.06 20:20:22 WARN  unsupported Scala 2.12.7
2020.07.06 20:20:22 WARN  unsupported Scala 2.12.7
2020.07.06 20:20:24 INFO  compiling hello (1 scala source)
2020.07.06 20:20:24 INFO  time: compiled hello in 0.2s
2020.07.06 20:20:24 INFO  compiling hello-test (1 scala source)
2020.07.06 20:20:24 INFO  time: compiled hello-test in 0.26s
2020.07.06 20:20:42 INFO  skipping build import with status 'Dismissed'
2020.07.06 20:20:44 INFO  skipping build import with status 'Dismissed'
2020.07.06 20:20:45 INFO  skipping build import with status 'Dismissed'
2020.07.06 20:23:18 INFO  skipping build import with status 'Dismissed'
2020.07.06 20:23:23 INFO  skipping build import with status 'Dismissed'
2020.07.06 20:27:05 WARN  unsupported Scala 2.12.7
2020.07.06 20:27:05 WARN  unsupported Scala 2.12.7
2020.07.06 20:27:05 WARN  unsupported Scala 2.12.7
2020.07.06 20:27:05 WARN  unsupported Scala 2.12.7
2020.07.06 20:27:05 WARN  unsupported Scala 2.12.7
2020.07.06 20:27:05 WARN  unsupported Scala 2.12.7
2020.07.06 20:27:05 WARN  unsupported Scala 2.12.7
2020.07.06 20:27:05 WARN  unsupported Scala 2.12.7
2020.07.06 20:27:07 WARN  unsupported Scala 2.12.7
2020.07.06 20:27:07 INFO  compiling hello (1 scala source)
2020.07.06 20:27:07 INFO  time: compiled hello in 0.15s
2020.07.06 20:27:07 WARN  unsupported Scala 2.12.7
2020.07.06 20:27:07 WARN  unsupported Scala 2.12.7
2020.07.06 20:27:07 WARN  unsupported Scala 2.12.7
2020.07.06 20:27:07 WARN  unsupported Scala 2.12.7
2020.07.06 20:27:07 WARN  unsupported Scala 2.12.7
2020.07.06 20:27:07 WARN  unsupported Scala 2.12.7
2020.07.06 20:27:07 WARN  unsupported Scala 2.12.7
2020.07.06 20:27:07 WARN  unsupported Scala 2.12.7
2020.07.06 20:27:07 WARN  unsupported Scala 2.12.7
2020.07.06 20:27:07 WARN  unsupported Scala 2.12.7
2020.07.06 20:27:08 WARN  unsupported Scala 2.12.7
2020.07.06 20:27:08 WARN  unsupported Scala 2.12.7
2020.07.06 20:27:08 WARN  unsupported Scala 2.12.7
2020.07.06 20:27:08 WARN  unsupported Scala 2.12.7
2020.07.06 20:27:08 WARN  unsupported Scala 2.12.7
2020.07.06 20:27:08 WARN  unsupported Scala 2.12.7
2020.07.06 20:27:08 WARN  unsupported Scala 2.12.7
2020.07.06 20:27:09 WARN  unsupported Scala 2.12.7
2020.07.06 20:27:11 INFO  compiling hello (1 scala source)
2020.07.06 20:27:11 INFO  time: compiled hello in 37ms
2020.07.06 20:27:11 WARN  unsupported Scala 2.12.7
2020.07.06 20:27:11 WARN  unsupported Scala 2.12.7
2020.07.06 20:27:11 WARN  unsupported Scala 2.12.7
2020.07.06 20:27:11 WARN  unsupported Scala 2.12.7
2020.07.06 20:27:11 WARN  unsupported Scala 2.12.7
2020.07.06 20:27:11 WARN  unsupported Scala 2.12.7
2020.07.06 20:27:11 WARN  unsupported Scala 2.12.7
2020.07.06 20:27:12 WARN  unsupported Scala 2.12.7
2020.07.06 20:27:12 WARN  unsupported Scala 2.12.7
2020.07.06 20:27:12 WARN  unsupported Scala 2.12.7
2020.07.06 20:27:12 WARN  unsupported Scala 2.12.7
2020.07.06 20:27:12 WARN  unsupported Scala 2.12.7
2020.07.06 20:27:12 WARN  unsupported Scala 2.12.7
2020.07.06 20:27:12 WARN  unsupported Scala 2.12.7
2020.07.06 20:27:14 WARN  unsupported Scala 2.12.7
2020.07.06 20:27:14 WARN  unsupported Scala 2.12.7
2020.07.06 20:27:14 WARN  unsupported Scala 2.12.7
2020.07.06 20:27:15 INFO  compiling hello (1 scala source)
2020.07.06 20:27:14 WARN  unsupported Scala 2.12.7
2020.07.06 20:27:15 INFO  time: compiled hello in 55ms
2020.07.06 20:27:17 INFO  compiling hello (1 scala source)
2020.07.06 20:27:17 INFO  time: compiled hello in 34ms
2020.07.06 20:28:44 WARN  unsupported Scala 2.12.7
2020.07.06 20:28:44 WARN  unsupported Scala 2.12.7
2020.07.06 20:28:48 INFO  running 'C:\Program Files\Java\jdk1.8.0_251\bin\java -Djline.terminal=jline.UnsupportedTerminal -Dsbt.log.noformat=true -Dfile.encoding=UTF-8 -jar C:\Users\gjuoun\AppData\Local\Temp\metals8839966484183070258\sbt-launch.jar -Dbloop.export-jar-classifiers=sources bloopInstall'
2020.07.06 20:28:51 INFO  [info] welcome to sbt 1.3.13 (Oracle Corporation Java 1.8.0_251)
2020.07.06 20:28:52 INFO  [info] loading global plugins from C:\Users\gjuoun\.sbt\1.0\plugins
2020.07.06 20:28:52 WARN  unsupported Scala 2.12.7
2020.07.06 20:28:52 WARN  unsupported Scala 2.12.7
2020.07.06 20:28:52 WARN  unsupported Scala 2.12.7
2020.07.06 20:28:52 INFO  C:\Users\gjuoun\Code\Sbt\test\src\main\scala\example\Hello.scala:5:12: stale bloop error: illegal start of simple expression
  for(a <- )
           ^
2020.07.06 20:28:52 INFO  C:\Users\gjuoun\Code\Sbt\test\src\main\scala\example\Hello.scala:6:1: stale bloop error: ')' expected but '}' found.
}
^
2020.07.06 20:28:52 WARN  unsupported Scala 2.12.7
2020.07.06 20:28:53 INFO  C:\Users\gjuoun\Code\Sbt\test\src\main\scala\example\Hello.scala:5:12: stale bloop error: illegal start of simple expression
  for(a <- )
           ^
2020.07.06 20:28:53 INFO  C:\Users\gjuoun\Code\Sbt\test\src\main\scala\example\Hello.scala:6:1: stale bloop error: ')' expected but '}' found.
}
^
2020.07.06 20:28:52 WARN  unsupported Scala 2.12.7
2020.07.06 20:28:52 INFO  C:\Users\gjuoun\Code\Sbt\test\src\main\scala\example\Hello.scala:5:12: stale bloop error: illegal start of simple expression
  for(a <- )
           ^
2020.07.06 20:28:52 INFO  C:\Users\gjuoun\Code\Sbt\test\src\main\scala\example\Hello.scala:6:1: stale bloop error: ')' expected but '}' found.
}
^
2020.07.06 20:28:52 WARN  unsupported Scala 2.12.7
2020.07.06 20:28:53 INFO  C:\Users\gjuoun\Code\Sbt\test\src\main\scala\example\Hello.scala:5:12: stale bloop error: illegal start of simple expression
  for(a <- )
           ^
2020.07.06 20:28:53 INFO  C:\Users\gjuoun\Code\Sbt\test\src\main\scala\example\Hello.scala:6:1: stale bloop error: ')' expected but '}' found.
}
^
2020.07.06 20:28:52 WARN  unsupported Scala 2.12.7
2020.07.06 20:28:52 WARN  unsupported Scala 2.12.7
2020.07.06 20:28:52 INFO  [info] loading settings for project test-build from metals.sbt ...
2020.07.06 20:28:52 INFO  [info] loading project definition from C:\Users\gjuoun\Code\Sbt\test\project
2020.07.06 20:28:53 WARN  unsupported Scala 2.12.7
2020.07.06 20:28:53 WARN  unsupported Scala 2.12.7
2020.07.06 20:28:53 WARN  unsupported Scala 2.12.7
2020.07.06 20:28:53 WARN  unsupported Scala 2.12.7
2020.07.06 20:28:53 WARN  unsupported Scala 2.12.7
2020.07.06 20:28:53 WARN  unsupported Scala 2.12.7
2020.07.06 20:28:53 WARN  unsupported Scala 2.12.7
2020.07.06 20:28:54 ERROR C:\Users\gjuoun\Code\Sbt\test\build.sbt:20: error: value libraryDependencies is not a member of Seq[sbt.librarymanagement.ModuleID]
2020.07.06 20:28:54 ERROR possible cause: maybe a semicolon is missing before `value libraryDependencies'?
2020.07.06 20:28:54 ERROR     libraryDependencies += scalaTest % Test
2020.07.06 20:28:54 ERROR     ^
2020.07.06 20:28:54 ERROR C:\Users\gjuoun\Code\Sbt\test\build.sbt:20: error: not found: value +=
2020.07.06 20:28:54 ERROR     libraryDependencies += scalaTest % Test
2020.07.06 20:28:54 ERROR                         ^
2020.07.06 20:28:54 ERROR C:\Users\gjuoun\Code\Sbt\test\build.sbt:20: error: not found: value %
2020.07.06 20:28:54 ERROR     libraryDependencies += scalaTest % Test
2020.07.06 20:28:54 ERROR                                      ^
2020.07.06 20:28:54 INFO  [error] sbt.compiler.EvalException: Type error in expression
2020.07.06 20:28:54 INFO  [error] Use 'last' for the full log.
2020.07.06 20:28:54 INFO  Project loading failed: (r)etry, (q)uit, (l)ast, or (i)gnore? 
2020.07.06 20:28:54 INFO  build tool exit: 1
2020.07.06 20:28:54 INFO  time: ran 'sbt bloopInstall' in 6.53s
2020.07.06 20:28:54 ERROR sbt command failed: C:\Program Files\Java\jdk1.8.0_251\bin\java -Djline.terminal=jline.UnsupportedTerminal -Dsbt.log.noformat=true -Dfile.encoding=UTF-8 -jar C:\Users\gjuoun\AppData\Local\Temp\metals8839966484183070258\sbt-launch.jar -Dbloop.export-jar-classifiers=sources bloopInstall
2020.07.06 20:28:54 INFO  disconnected: build server
2020.07.06 20:28:55 WARN  unsupported Scala 2.12.7
2020.07.06 20:28:55 WARN  unsupported Scala 2.12.7
2020.07.06 20:28:55 WARN  unsupported Scala 2.12.7
2020.07.06 20:28:55 INFO  tracing is disabled for protocol BSP, to enable tracing of incoming and outgoing JSON messages create an empty file at C:\Users\gjuoun\AppData\Local\scalameta\metals\cache\bsp.trace.json
2020.07.06 20:28:55 INFO  time: connected to build server in 0.95s
2020.07.06 20:28:55 INFO  Connected to Build server v1.4.3
2020.07.06 20:28:55 WARN  unsupported Scala 2.12.7
2020.07.06 20:28:55 INFO  compiling hello (1 scala source)
2020.07.06 20:28:55 INFO  time: compiled hello in 35ms
2020.07.06 20:28:56 INFO  time: indexed workspace in 0.16s
2020.07.06 20:28:55 WARN  unsupported Scala 2.12.7
2020.07.06 20:28:55 WARN  unsupported Scala 2.12.7
2020.07.06 20:28:55 INFO  compiling hello (1 scala source)
2020.07.06 20:28:55 INFO  time: compiled hello in 36ms
2020.07.06 20:28:56 WARN  unsupported Scala 2.12.7
2020.07.06 20:28:56 WARN  unsupported Scala 2.12.7
2020.07.06 20:28:56 WARN  unsupported Scala 2.12.7
2020.07.06 20:28:56 WARN  unsupported Scala 2.12.7
2020.07.06 20:28:56 WARN  unsupported Scala 2.12.7
2020.07.06 20:28:56 WARN  unsupported Scala 2.12.7
2020.07.06 20:28:56 WARN  unsupported Scala 2.12.7
2020.07.06 20:28:56 WARN  unsupported Scala 2.12.7
2020.07.06 20:28:57 WARN  unsupported Scala 2.12.7
2020.07.06 20:28:57 WARN  unsupported Scala 2.12.7
2020.07.06 20:28:58 INFO  compiling hello (1 scala source)
2020.07.06 20:28:58 INFO  time: compiled hello in 23ms
2020.07.06 20:28:57 WARN  unsupported Scala 2.12.7
2020.07.06 20:28:57 WARN  unsupported Scala 2.12.7
2020.07.06 20:28:57 WARN  unsupported Scala 2.12.7
2020.07.06 20:28:58 INFO  C:\Users\gjuoun\Code\Sbt\test\src\main\scala\example\Hello.scala:6:1: stale bloop error: illegal start of simple expression
}
^
2020.07.06 20:28:58 WARN  unsupported Scala 2.12.7
2020.07.06 20:28:58 INFO  C:\Users\gjuoun\Code\Sbt\test\src\main\scala\example\Hello.scala:6:1: stale bloop error: illegal start of simple expression
}
^
2020.07.06 20:28:58 WARN  unsupported Scala 2.12.7
2020.07.06 20:28:58 WARN  unsupported Scala 2.12.7
2020.07.06 20:28:58 WARN  unsupported Scala 2.12.7
2020.07.06 20:28:58 WARN  unsupported Scala 2.12.7
2020.07.06 20:28:58 WARN  unsupported Scala 2.12.7
2020.07.06 20:28:59 WARN  unsupported Scala 2.12.7
2020.07.06 20:28:59 WARN  unsupported Scala 2.12.7
2020.07.06 20:28:59 WARN  unsupported Scala 2.12.7
2020.07.06 20:28:59 WARN  unsupported Scala 2.12.7
2020.07.06 20:28:59 WARN  unsupported Scala 2.12.7
2020.07.06 20:29:00 WARN  unsupported Scala 2.12.7
2020.07.06 20:29:00 WARN  unsupported Scala 2.12.7
2020.07.06 20:29:01 INFO  compiling hello (1 scala source)
2020.07.06 20:29:01 INFO  time: compiled hello in 28ms
2020.07.06 20:29:02 WARN  unsupported Scala 2.12.7
2020.07.06 20:29:02 WARN  unsupported Scala 2.12.7
2020.07.06 20:29:02 WARN  unsupported Scala 2.12.7
2020.07.06 20:29:02 WARN  unsupported Scala 2.12.7
2020.07.06 20:29:02 WARN  unsupported Scala 2.12.7
2020.07.06 20:29:03 WARN  unsupported Scala 2.12.7
2020.07.06 20:29:03 WARN  unsupported Scala 2.12.7
2020.07.06 20:29:03 WARN  unsupported Scala 2.12.7
2020.07.06 20:29:03 INFO  compiling hello (1 scala source)
2020.07.06 20:29:03 INFO  time: compiled hello in 30ms
2020.07.06 20:29:03 WARN  unsupported Scala 2.12.7
2020.07.06 20:29:03 WARN  unsupported Scala 2.12.7
2020.07.06 20:29:03 WARN  unsupported Scala 2.12.7
2020.07.06 20:29:03 WARN  unsupported Scala 2.12.7
2020.07.06 20:29:04 WARN  unsupported Scala 2.12.7
2020.07.06 20:29:04 WARN  unsupported Scala 2.12.7
2020.07.06 20:29:04 WARN  unsupported Scala 2.12.7
2020.07.06 20:29:04 WARN  unsupported Scala 2.12.7
2020.07.06 20:29:05 WARN  unsupported Scala 2.12.7
2020.07.06 20:29:05 WARN  unsupported Scala 2.12.7
2020.07.06 20:29:05 WARN  unsupported Scala 2.12.7
2020.07.06 20:29:05 WARN  unsupported Scala 2.12.7
2020.07.06 20:29:05 WARN  unsupported Scala 2.12.7
2020.07.06 20:29:06 WARN  unsupported Scala 2.12.7
2020.07.06 20:29:06 INFO  compiling hello (1 scala source)
2020.07.06 20:29:06 INFO  time: compiled hello in 0.2s
2020.07.06 20:29:09 WARN  unsupported Scala 2.12.7
2020.07.06 20:29:09 WARN  unsupported Scala 2.12.7
2020.07.06 20:29:09 WARN  unsupported Scala 2.12.7
2020.07.06 20:29:09 WARN  unsupported Scala 2.12.7
2020.07.06 20:29:09 WARN  unsupported Scala 2.12.7
2020.07.06 20:29:09 WARN  unsupported Scala 2.12.7
2020.07.06 20:29:09 WARN  unsupported Scala 2.12.7
2020.07.06 20:29:09 WARN  unsupported Scala 2.12.7
2020.07.06 20:29:09 WARN  unsupported Scala 2.12.7
2020.07.06 20:29:09 WARN  unsupported Scala 2.12.7
2020.07.06 20:29:09 WARN  unsupported Scala 2.12.7
2020.07.06 20:29:10 WARN  unsupported Scala 2.12.7
2020.07.06 20:29:10 WARN  unsupported Scala 2.12.7
2020.07.06 20:29:10 WARN  unsupported Scala 2.12.7
2020.07.06 20:29:10 WARN  unsupported Scala 2.12.7
2020.07.06 20:29:10 WARN  unsupported Scala 2.12.7
2020.07.06 20:29:10 WARN  unsupported Scala 2.12.7
2020.07.06 20:29:11 WARN  unsupported Scala 2.12.7
2020.07.06 20:29:11 INFO  compiling hello (1 scala source)
2020.07.06 20:29:11 INFO  time: compiled hello in 0.19s
2020.07.06 20:29:12 WARN  unsupported Scala 2.12.7
2020.07.06 20:29:12 WARN  unsupported Scala 2.12.7
2020.07.06 20:29:12 WARN  unsupported Scala 2.12.7
2020.07.06 20:29:12 WARN  unsupported Scala 2.12.7
2020.07.06 20:29:12 WARN  unsupported Scala 2.12.7
2020.07.06 20:29:12 WARN  unsupported Scala 2.12.7
2020.07.06 20:29:12 WARN  unsupported Scala 2.12.7
2020.07.06 20:29:14 WARN  unsupported Scala 2.12.7
2020.07.06 20:29:14 WARN  unsupported Scala 2.12.7
2020.07.06 20:29:14 WARN  unsupported Scala 2.12.7
2020.07.06 20:29:14 WARN  unsupported Scala 2.12.7
2020.07.06 20:29:14 WARN  unsupported Scala 2.12.7
2020.07.06 20:29:15 WARN  unsupported Scala 2.12.7
2020.07.06 20:29:15 WARN  unsupported Scala 2.12.7
2020.07.06 20:29:15 WARN  unsupported Scala 2.12.7
2020.07.06 20:29:15 WARN  unsupported Scala 2.12.7
2020.07.06 20:29:15 WARN  unsupported Scala 2.12.7
2020.07.06 20:29:15 WARN  unsupported Scala 2.12.7
2020.07.06 20:29:15 WARN  unsupported Scala 2.12.7
2020.07.06 20:29:15 WARN  unsupported Scala 2.12.7
2020.07.06 20:29:16 WARN  unsupported Scala 2.12.7
2020.07.06 20:29:16 WARN  unsupported Scala 2.12.7
2020.07.06 20:29:16 WARN  unsupported Scala 2.12.7
2020.07.06 20:29:16 WARN  unsupported Scala 2.12.7
2020.07.06 20:29:17 INFO  compiling hello (1 scala source)
2020.07.06 20:29:17 INFO  time: compiled hello in 0.19s
2020.07.06 20:29:18 WARN  unsupported Scala 2.12.7
2020.07.06 20:29:18 WARN  unsupported Scala 2.12.7
2020.07.06 20:29:18 WARN  unsupported Scala 2.12.7
2020.07.06 20:29:18 WARN  unsupported Scala 2.12.7
2020.07.06 20:29:18 WARN  unsupported Scala 2.12.7
2020.07.06 20:29:18 WARN  unsupported Scala 2.12.7
2020.07.06 20:29:18 WARN  unsupported Scala 2.12.7
2020.07.06 20:29:18 WARN  unsupported Scala 2.12.7
2020.07.06 20:29:18 WARN  unsupported Scala 2.12.7
2020.07.06 20:29:18 WARN  unsupported Scala 2.12.7
2020.07.06 20:29:19 WARN  unsupported Scala 2.12.7
2020.07.06 20:29:19 WARN  unsupported Scala 2.12.7
2020.07.06 20:29:19 WARN  unsupported Scala 2.12.7
2020.07.06 20:29:21 WARN  unsupported Scala 2.12.7
2020.07.06 20:29:21 WARN  unsupported Scala 2.12.7
2020.07.06 20:29:21 WARN  unsupported Scala 2.12.7
2020.07.06 20:29:21 WARN  unsupported Scala 2.12.7
2020.07.06 20:29:21 WARN  unsupported Scala 2.12.7
2020.07.06 20:29:22 INFO  compiling hello (1 scala source)
2020.07.06 20:29:21 WARN  unsupported Scala 2.12.7
2020.07.06 20:29:22 INFO  time: compiled hello in 0.25s
2020.07.06 20:29:22 WARN  unsupported Scala 2.12.7
2020.07.06 20:29:22 WARN  unsupported Scala 2.12.7
2020.07.06 20:29:22 WARN  unsupported Scala 2.12.7
2020.07.06 20:29:22 WARN  unsupported Scala 2.12.7
2020.07.06 20:29:24 WARN  unsupported Scala 2.12.7
2020.07.06 20:29:24 INFO  compiling hello (1 scala source)
2020.07.06 20:29:24 INFO  time: compiled hello in 0.18s
2020.07.06 20:29:36 WARN  unsupported Scala 2.12.7
2020.07.06 20:29:36 WARN  unsupported Scala 2.12.7
2020.07.06 20:29:38 WARN  unsupported Scala 2.12.7
2020.07.06 20:29:38 WARN  unsupported Scala 2.12.7
2020.07.06 20:29:38 WARN  unsupported Scala 2.12.7
2020.07.06 20:29:38 WARN  unsupported Scala 2.12.7
2020.07.06 20:29:38 WARN  unsupported Scala 2.12.7
2020.07.06 20:29:38 WARN  unsupported Scala 2.12.7
2020.07.06 20:29:40 WARN  unsupported Scala 2.12.7
2020.07.06 20:29:40 WARN  unsupported Scala 2.12.7
2020.07.06 20:29:40 WARN  unsupported Scala 2.12.7
2020.07.06 20:29:40 WARN  unsupported Scala 2.12.7
2020.07.06 20:29:40 WARN  unsupported Scala 2.12.7
2020.07.06 20:29:40 WARN  unsupported Scala 2.12.7
2020.07.06 20:29:41 WARN  unsupported Scala 2.12.7
2020.07.06 20:30:56 INFO  skipping build import with status 'Dismissed'
2020.07.06 20:30:57 INFO  skipping build import with status 'Dismissed'
2020.07.06 20:31:08 INFO  skipping build import with status 'Dismissed'
2020.07.06 20:31:51 INFO  running 'C:\Program Files\Java\jdk1.8.0_251\bin\java -Djline.terminal=jline.UnsupportedTerminal -Dsbt.log.noformat=true -Dfile.encoding=UTF-8 -jar C:\Users\gjuoun\AppData\Local\Temp\metals5146102369652015470\sbt-launch.jar -Dbloop.export-jar-classifiers=sources bloopInstall'
2020.07.06 20:31:54 INFO  [info] welcome to sbt 1.3.13 (Oracle Corporation Java 1.8.0_251)
2020.07.06 20:31:55 INFO  [info] loading global plugins from C:\Users\gjuoun\.sbt\1.0\plugins
2020.07.06 20:31:55 INFO  [info] loading settings for project test-build from metals.sbt ...
2020.07.06 20:31:55 INFO  [info] loading project definition from C:\Users\gjuoun\Code\Sbt\test\project
2020.07.06 20:31:56 INFO  [info] loading settings for project hello from build.sbt ...
2020.07.06 20:31:56 INFO  [info] set current project to Hello (in build file:/C:/Users/gjuoun/Code/Sbt/test/)
2020.07.06 20:31:58 INFO  [success] Generated .bloop\helloCore.json
2020.07.06 20:31:58 INFO  [success] Generated .bloop\helloCore-test.json
2020.07.06 20:31:58 INFO  [success] Generated .bloop\hello.json
2020.07.06 20:31:58 INFO  [success] Generated .bloop\hello-test.json
2020.07.06 20:31:58 INFO  [success] Total time: 1 s, completed Jul 6, 2020 8:31:58 PM
2020.07.06 20:31:58 INFO  build tool exit: 0
2020.07.06 20:31:58 INFO  time: ran 'sbt bloopInstall' in 7.33s
2020.07.06 20:31:58 INFO  disconnected: build server
2020.07.06 20:31:59 WARN  unsupported Scala 2.12.7
2020.07.06 20:31:59 WARN  unsupported Scala 2.12.7
2020.07.06 20:31:59 INFO  tracing is disabled for protocol BSP, to enable tracing of incoming and outgoing JSON messages create an empty file at C:\Users\gjuoun\AppData\Local\scalameta\metals\cache\bsp.trace.json
2020.07.06 20:31:59 INFO  time: connected to build server in 1s
2020.07.06 20:31:59 INFO  Connected to Build server v1.4.3
2020.07.06 20:31:59 INFO  time: indexed workspace in 0.19s
2020.07.06 20:31:59 WARN  unsupported Scala 2.12.7
2020.07.06 20:31:59 WARN  unsupported Scala 2.12.7
2020.07.06 20:32:00 INFO  compiling hello (1 scala source)
2020.07.06 20:32:00 INFO  time: compiled hello in 0.2s
2020.07.06 20:32:00 INFO  compiling hello-test (1 scala source)
2020.07.06 20:32:00 INFO  time: compiled hello-test in 0.2s
2020.07.06 20:32:00 WARN  unsupported Scala 2.12.7
2020.07.06 20:32:00 WARN  unsupported Scala 2.12.7
2020.07.06 20:32:00 WARN  unsupported Scala 2.12.7
2020.07.06 20:32:00 WARN  unsupported Scala 2.12.7
2020.07.06 20:32:00 WARN  unsupported Scala 2.12.7
2020.07.06 20:32:00 WARN  unsupported Scala 2.12.7
2020.07.06 20:32:02 WARN  unsupported Scala 2.12.7
2020.07.06 20:32:02 WARN  unsupported Scala 2.12.7
2020.07.06 20:32:02 WARN  unsupported Scala 2.12.7
2020.07.06 20:32:02 WARN  unsupported Scala 2.12.7
2020.07.06 20:32:03 INFO  compiling hello (1 scala source)
2020.07.06 20:32:02 WARN  unsupported Scala 2.12.7
2020.07.06 20:32:03 INFO  time: compiled hello in 0.17s
2020.07.06 20:32:03 WARN  unsupported Scala 2.12.7
2020.07.06 20:32:03 WARN  unsupported Scala 2.12.7
2020.07.06 20:32:03 WARN  unsupported Scala 2.12.7
2020.07.06 20:32:03 WARN  unsupported Scala 2.12.7
2020.07.06 20:32:03 WARN  unsupported Scala 2.12.7
2020.07.06 20:32:05 INFO  compiling hello (1 scala source)
2020.07.06 20:32:05 INFO  time: compiled hello in 0.15s
2020.07.06 20:32:17 INFO  skipping build import with status 'Dismissed'
2020.07.06 20:32:39 INFO  running 'C:\Program Files\Java\jdk1.8.0_251\bin\java -Djline.terminal=jline.UnsupportedTerminal -Dsbt.log.noformat=true -Dfile.encoding=UTF-8 -jar C:\Users\gjuoun\AppData\Local\Temp\metals5257947392586514706\sbt-launch.jar -Dbloop.export-jar-classifiers=sources bloopInstall'
2020.07.06 20:32:43 INFO  [info] welcome to sbt 1.3.13 (Oracle Corporation Java 1.8.0_251)
2020.07.06 20:32:45 INFO  [info] loading global plugins from C:\Users\gjuoun\.sbt\1.0\plugins
2020.07.06 20:32:45 INFO  [info] loading settings for project test-build from metals.sbt ...
2020.07.06 20:32:45 INFO  [info] loading project definition from C:\Users\gjuoun\Code\Sbt\test\project
2020.07.06 20:32:46 INFO  [info] loading settings for project hello from build.sbt ...
2020.07.06 20:32:46 INFO  [info] set current project to Hello (in build file:/C:/Users/gjuoun/Code/Sbt/test/)
2020.07.06 20:32:49 INFO  [success] Generated .bloop\hello.json
2020.07.06 20:32:49 INFO  [success] Generated .bloop\helloCore-test.json
2020.07.06 20:32:49 INFO  [success] Generated .bloop\helloCore.json
2020.07.06 20:32:49 INFO  [success] Generated .bloop\hello-test.json
2020.07.06 20:32:49 INFO  [success] Total time: 2 s, completed Jul 6, 2020 8:32:49 PM
2020.07.06 20:32:49 INFO  build tool exit: 0
2020.07.06 20:32:49 INFO  time: ran 'sbt bloopInstall' in 9.53s
2020.07.06 20:32:49 INFO  disconnected: build server
2020.07.06 20:32:52 WARN  unsupported Scala 2.12.7
2020.07.06 20:32:53 INFO  tracing is disabled for protocol BSP, to enable tracing of incoming and outgoing JSON messages create an empty file at C:\Users\gjuoun\AppData\Local\scalameta\metals\cache\bsp.trace.json
2020.07.06 20:32:53 INFO  time: connected to build server in 3.99s
2020.07.06 20:32:53 INFO  Connected to Build server v1.4.3
2020.07.06 20:32:53 INFO  time: indexed workspace in 0.4s
2020.07.06 20:32:53 INFO  compiling hello (1 scala source)
2020.07.06 20:33:00 INFO  time: compiled hello in 7.04s
2020.07.06 20:33:00 INFO  compiling hello-test (1 scala source)
2020.07.06 20:33:00 INFO  time: compiled hello-test in 0.58s
2020.07.06 20:33:36 INFO  shutting down Metals
2020.07.06 20:33:49 INFO  started: Metals version 0.9.1 in workspace 'C:\Users\gjuoun\Code\Sbt\test'
2020.07.06 20:33:49 INFO  time: initialize in 0.33s
2020.07.06 20:33:50 INFO  no build target: using presentation compiler with only scala-library
2020.07.06 20:33:50 INFO  skipping build import with status 'Installed'
Starting the bsp launcher for bloop...
Opening a bsp server connection with 'bsp --protocol tcp --port 20449'...
Waiting for the bsp connection to come up...
[0m[32m[D][0m Loading workspace settings from bloop.settings.json
[0m[32m[D][0m Waiting for a connection at 127.0.0.1:20449...
The server is listening for incoming connections at tcp://127.0.0.1:20449...
Starting thread that pumps stdin and redirects it to the bsp server...
Starting thread that pumps server stdout and redirects it to the client stdout...
2020.07.06 20:33:51 INFO  tracing is disabled for protocol BSP, to enable tracing of incoming and outgoing JSON messages create an empty file at C:\Users\gjuoun\AppData\Local\scalameta\metals\cache\bsp.trace.json
2020.07.06 20:33:51 INFO  time: connected to build server in 1.44s
2020.07.06 20:33:51 INFO  Connected to Build server v1.4.3
2020.07.06 20:33:52 INFO  time: indexed workspace in 1.18s
2020.07.06 20:34:10 INFO  compiling hello (1 scala source)
2020.07.06 20:34:10 INFO  time: compiled hello in 0.14s
2020.07.06 20:34:17 INFO  compiling hello (1 scala source)
2020.07.06 20:34:17 INFO  time: compiled hello in 0.55s
2020.07.06 20:34:39 INFO  compiling hello (1 scala source)
2020.07.06 20:34:39 INFO  time: compiled hello in 0.56s
2020.07.06 20:35:14 INFO  compiling hello (1 scala source)
2020.07.06 20:35:14 INFO  time: compiled hello in 0.82s
2020.07.06 20:35:19 INFO  compiling hello (1 scala source)
Jul 06, 2020 8:35:20 PM org.eclipse.lsp4j.jsonrpc.RemoteEndpoint handleCancellation
WARNING: Unmatched cancel notification for request id 90
2020.07.06 20:35:19 INFO  time: compiled hello in 0.79s
2020.07.06 20:35:22 INFO  compiling hello (1 scala source)
2020.07.06 20:35:22 INFO  time: compiled hello in 0.61s
2020.07.06 20:35:25 INFO  compiling hello (1 scala source)
2020.07.06 20:35:25 INFO  time: compiled hello in 0.57s
2020.07.06 20:35:27 INFO  compiling hello (1 scala source)
2020.07.06 20:35:27 INFO  time: compiled hello in 0.58s
2020.07.06 20:35:31 INFO  compiling hello (1 scala source)
2020.07.06 20:35:31 INFO  time: compiled hello in 0.1s
2020.07.06 20:35:33 INFO  compiling hello (1 scala source)
2020.07.06 20:35:33 INFO  time: compiled hello in 56ms
2020.07.06 20:35:35 INFO  compiling hello (1 scala source)
2020.07.06 20:35:35 INFO  time: compiled hello in 50ms
2020.07.06 20:35:40 INFO  compiling hello (1 scala source)
2020.07.06 20:35:40 INFO  time: compiled hello in 0.7s
2020.07.06 20:35:43 INFO  compiling hello (1 scala source)
2020.07.06 20:35:43 INFO  time: compiled hello in 0.48s
2020.07.06 20:35:45 INFO  compiling hello (1 scala source)
2020.07.06 20:35:45 INFO  time: compiled hello in 0.61s
2020.07.06 20:35:50 INFO  compiling hello (1 scala source)
2020.07.06 20:35:50 INFO  time: compiled hello in 0.62s
2020.07.06 20:35:55 INFO  compiling hello (1 scala source)
2020.07.06 20:35:55 INFO  time: compiled hello in 0.56s
2020.07.06 20:36:02 INFO  compiling hello (1 scala source)
2020.07.06 20:36:02 INFO  time: compiled hello in 0.12s
2020.07.06 20:36:04 INFO  compiling hello (1 scala source)
2020.07.06 20:36:04 INFO  time: compiled hello in 59ms
2020.07.06 20:36:11 INFO  compiling hello (1 scala source)
2020.07.06 20:36:11 INFO  time: compiled hello in 0.6s
2020.07.06 20:36:13 INFO  compiling hello (1 scala source)
2020.07.06 20:36:13 INFO  time: compiled hello in 0.54s
Jul 06, 2020 8:36:56 PM org.eclipse.lsp4j.jsonrpc.services.GenericEndpoint notify
INFO: Unsupported notification method: $/setTraceNotification
2020.07.06 20:37:06 INFO  Listening for transport dt_socket at address: 58247
2020.07.06 20:37:07 INFO  tracing is disabled for protocol dap-server, to enable tracing of incoming and outgoing JSON messages create an empty file at C:\Users\gjuoun\AppData\Local\scalameta\metals\cache\dap-server.trace.json
2020.07.06 20:37:07 INFO  tracing is disabled for protocol dap-client, to enable tracing of incoming and outgoing JSON messages create an empty file at C:\Users\gjuoun\AppData\Local\scalameta\metals\cache\dap-client.trace.json
2020.07.06 20:37:08 INFO  Starting debug proxy for [example.Hello]
2020.07.06 20:37:08 INFO  Trying to attach to remote debuggee VM localhost:58247 .
2020.07.06 20:37:08 INFO  Attaching to debuggee VM succeeded.
2020.07.06 20:37:19 ERROR [error response][evaluate]: an implementation is missing
2020.07.06 20:37:36 ERROR [error response][evaluate]: an implementation is missing
2020.07.06 20:37:41 ERROR [error response][evaluate]: an implementation is missing
2020.07.06 20:37:43 INFO  Value of a:1
2020.07.06 20:37:43 ERROR [error response][evaluate]: an implementation is missing
2020.07.06 20:37:46 ERROR [error response][evaluate]: an implementation is missing
2020.07.06 20:37:46 ERROR [error response][evaluate]: an implementation is missing
2020.07.06 20:37:48 INFO  Value of a:2
2020.07.06 20:37:48 ERROR [error response][evaluate]: an implementation is missing
2020.07.06 20:37:53 INFO  Value of a:3
2020.07.06 20:37:53 ERROR [error response][evaluate]: an implementation is missing
2020.07.06 20:37:54 INFO  Value of a:4
2020.07.06 20:37:54 ERROR [error response][evaluate]: an implementation is missing
2020.07.06 20:37:55 INFO  Value of a:5
2020.07.06 20:37:55 ERROR [error response][evaluate]: an implementation is missing
2020.07.06 20:37:56 INFO  Value of a:6
2020.07.06 20:37:56 INFO  Canceling debug proxy for [example.Hello]
2020.07.06 20:38:38 INFO  compiling hello (1 scala source)
2020.07.06 20:38:38 INFO  time: compiled hello in 0.63s
2020.07.06 20:38:41 INFO  compiling hello (1 scala source)
2020.07.06 20:38:41 INFO  time: compiled hello in 0.6s
2020.07.06 20:38:45 INFO  Listening for transport dt_socket at address: 58729
2020.07.06 20:38:46 INFO  tracing is disabled for protocol dap-server, to enable tracing of incoming and outgoing JSON messages create an empty file at C:\Users\gjuoun\AppData\Local\scalameta\metals\cache\dap-server.trace.json
2020.07.06 20:38:46 INFO  tracing is disabled for protocol dap-client, to enable tracing of incoming and outgoing JSON messages create an empty file at C:\Users\gjuoun\AppData\Local\scalameta\metals\cache\dap-client.trace.json
2020.07.06 20:38:47 INFO  Starting debug proxy for [example.Hello]
2020.07.06 20:38:47 INFO  Trying to attach to remote debuggee VM localhost:58729 .
2020.07.06 20:38:47 INFO  Attaching to debuggee VM succeeded.
2020.07.06 20:38:47 INFO  Value of a: 1
2020.07.06 20:38:47 INFO  Value of a: 2
2020.07.06 20:38:47 INFO  Value of a: 4
2020.07.06 20:38:47 INFO  Value of a: 5
2020.07.06 20:38:47 INFO  Value of a: 6
2020.07.06 20:38:47 INFO  Value of a: 7
2020.07.06 20:38:47 INFO  Canceling debug proxy for [example.Hello]
2020.07.06 20:39:30 INFO  compiling hello (1 scala source)
2020.07.06 20:39:30 INFO  time: compiled hello in 77ms
2020.07.06 20:39:32 INFO  compiling hello (1 scala source)
2020.07.06 20:39:32 INFO  time: compiled hello in 49ms
2020.07.06 20:39:35 INFO  compiling hello (1 scala source)
2020.07.06 20:39:35 INFO  time: compiled hello in 0.59s
2020.07.06 20:39:38 INFO  compiling hello (1 scala source)
2020.07.06 20:39:38 INFO  time: compiled hello in 56ms
2020.07.06 20:39:40 INFO  compiling hello (1 scala source)
2020.07.06 20:39:40 INFO  time: compiled hello in 45ms
2020.07.06 20:39:43 INFO  compiling hello (1 scala source)
2020.07.06 20:39:43 INFO  time: compiled hello in 0.14s
2020.07.06 20:39:45 INFO  compiling hello (1 scala source)
2020.07.06 20:39:45 INFO  time: compiled hello in 79ms
2020.07.06 20:39:49 INFO  compiling hello (1 scala source)
2020.07.06 20:39:49 INFO  time: compiled hello in 0.88s
2020.07.06 20:39:54 INFO  compiling hello (1 scala source)
2020.07.06 20:39:54 INFO  time: compiled hello in 45ms
2020.07.06 20:40:00 INFO  compiling hello (1 scala source)
2020.07.06 20:40:00 INFO  time: compiled hello in 0.59s
2020.07.06 20:40:04 INFO  compiling hello (1 scala source)
2020.07.06 20:40:04 INFO  time: compiled hello in 0.5s
2020.07.06 20:40:07 INFO  compiling hello (1 scala source)
2020.07.06 20:40:07 INFO  time: compiled hello in 51ms
2020.07.06 20:40:11 INFO  compiling hello (1 scala source)
2020.07.06 20:40:11 INFO  time: compiled hello in 0.56s
2020.07.06 20:40:16 INFO  compiling hello (1 scala source)
2020.07.06 20:40:16 INFO  time: compiled hello in 0.48s
2020.07.06 20:40:21 INFO  compiling hello (1 scala source)
2020.07.06 20:40:21 INFO  time: compiled hello in 0.67s
2020.07.06 20:40:24 INFO  compiling hello (1 scala source)
2020.07.06 20:40:24 INFO  time: compiled hello in 0.51s
2020.07.06 20:40:27 INFO  compiling hello (1 scala source)
2020.07.06 20:40:27 INFO  time: compiled hello in 47ms
2020.07.06 20:40:29 INFO  compiling hello (1 scala source)
2020.07.06 20:40:29 INFO  time: compiled hello in 82ms
2020.07.06 20:40:31 INFO  compiling hello (1 scala source)
2020.07.06 20:40:31 INFO  time: compiled hello in 48ms
2020.07.06 20:40:34 INFO  compiling hello (1 scala source)
2020.07.06 20:40:34 INFO  time: compiled hello in 98ms
2020.07.06 20:40:36 INFO  compiling hello (1 scala source)
2020.07.06 20:40:36 INFO  time: compiled hello in 81ms
2020.07.06 20:40:38 INFO  compiling hello (1 scala source)
2020.07.06 20:40:38 INFO  time: compiled hello in 0.55s
2020.07.06 20:40:44 INFO  Listening for transport dt_socket at address: 59351
2020.07.06 20:40:45 INFO  tracing is disabled for protocol dap-server, to enable tracing of incoming and outgoing JSON messages create an empty file at C:\Users\gjuoun\AppData\Local\scalameta\metals\cache\dap-server.trace.json
2020.07.06 20:40:45 INFO  tracing is disabled for protocol dap-client, to enable tracing of incoming and outgoing JSON messages create an empty file at C:\Users\gjuoun\AppData\Local\scalameta\metals\cache\dap-client.trace.json
2020.07.06 20:40:46 INFO  Starting debug proxy for [example.Hello]
2020.07.06 20:40:46 INFO  Trying to attach to remote debuggee VM localhost:59351 .
2020.07.06 20:40:46 INFO  Attaching to debuggee VM succeeded.
2020.07.06 20:40:46 INFO  List(1, 2, 4, 5, 6, 7)
2020.07.06 20:40:46 INFO  Canceling debug proxy for [example.Hello]
2020.07.06 20:40:50 INFO  compiling hello (1 scala source)
2020.07.06 20:40:50 INFO  Deduplicating compilation of hello from bsp client 'Metals 0.9.1' (since 6m 59.14s)
2020.07.06 20:40:50 INFO  compiling hello (1 scala source)
2020.07.06 20:40:50 INFO  time: compiled hello in 0.54s
2020.07.06 20:40:53 INFO  Listening for transport dt_socket at address: 59406
2020.07.06 20:40:54 INFO  tracing is disabled for protocol dap-server, to enable tracing of incoming and outgoing JSON messages create an empty file at C:\Users\gjuoun\AppData\Local\scalameta\metals\cache\dap-server.trace.json
2020.07.06 20:40:54 INFO  tracing is disabled for protocol dap-client, to enable tracing of incoming and outgoing JSON messages create an empty file at C:\Users\gjuoun\AppData\Local\scalameta\metals\cache\dap-client.trace.json
2020.07.06 20:40:54 INFO  Starting debug proxy for [example.Hello]
2020.07.06 20:40:54 INFO  Trying to attach to remote debuggee VM localhost:59406 .
2020.07.06 20:40:54 INFO  Attaching to debuggee VM succeeded.
2020.07.06 20:40:54 INFO  List(1, 2, 4, 5, 6, 7)
2020.07.06 20:40:55 INFO  Canceling debug proxy for [example.Hello]
2020.07.06 20:43:25 INFO  shutting down Metals
No more data in the client stdin, exiting...
No more data in the server stdin, exiting...
2020.07.06 20:44:09 INFO  started: Metals version 0.9.1 in workspace 'C:\Users\gjuoun\Code\Sbt\test'
2020.07.06 20:44:09 INFO  time: initialize in 0.24s
2020.07.06 20:44:10 INFO  no build target: using presentation compiler with only scala-library
2020.07.06 20:44:10 INFO  skipping build import with status 'Installed'
Starting the bsp launcher for bloop...
Opening a bsp server connection with 'bsp --protocol tcp --port 31150'...
Waiting for the bsp connection to come up...
[0m[32m[D][0m Loading workspace settings from bloop.settings.json
[0m[32m[D][0m Waiting for a connection at 127.0.0.1:31150...
The server is listening for incoming connections at tcp://127.0.0.1:31150...
Starting thread that pumps stdin and redirects it to the bsp server...
Starting thread that pumps server stdout and redirects it to the client stdout...
2020.07.06 20:44:11 INFO  tracing is disabled for protocol BSP, to enable tracing of incoming and outgoing JSON messages create an empty file at C:\Users\gjuoun\AppData\Local\scalameta\metals\cache\bsp.trace.json
2020.07.06 20:44:11 INFO  time: connected to build server in 1.37s
2020.07.06 20:44:11 INFO  Connected to Build server v1.4.3
2020.07.06 20:44:13 INFO  time: indexed workspace in 1.5s
2020.07.06 20:44:40 INFO  Listening for transport dt_socket at address: 60619
2020.07.06 20:44:41 INFO  tracing is disabled for protocol dap-server, to enable tracing of incoming and outgoing JSON messages create an empty file at C:\Users\gjuoun\AppData\Local\scalameta\metals\cache\dap-server.trace.json
2020.07.06 20:44:41 INFO  tracing is disabled for protocol dap-client, to enable tracing of incoming and outgoing JSON messages create an empty file at C:\Users\gjuoun\AppData\Local\scalameta\metals\cache\dap-client.trace.json
2020.07.06 20:44:42 INFO  Starting debug proxy for [example.Hello]
2020.07.06 20:44:42 INFO  Trying to attach to remote debuggee VM localhost:60619 .
2020.07.06 20:44:42 INFO  Attaching to debuggee VM succeeded.
2020.07.06 20:44:42 INFO  List(1, 2, 4, 5, 6, 7)
2020.07.06 20:44:42 INFO  Canceling debug proxy for [example.Hello]
2020.07.06 20:44:46 INFO  Listening for transport dt_socket at address: 60656
2020.07.06 20:44:47 INFO  tracing is disabled for protocol dap-server, to enable tracing of incoming and outgoing JSON messages create an empty file at C:\Users\gjuoun\AppData\Local\scalameta\metals\cache\dap-server.trace.json
2020.07.06 20:44:47 INFO  tracing is disabled for protocol dap-client, to enable tracing of incoming and outgoing JSON messages create an empty file at C:\Users\gjuoun\AppData\Local\scalameta\metals\cache\dap-client.trace.json
2020.07.06 20:44:48 INFO  Starting debug proxy for [example.Hello]
2020.07.06 20:44:48 INFO  Trying to attach to remote debuggee VM localhost:60656 .
2020.07.06 20:44:48 INFO  Attaching to debuggee VM succeeded.
2020.07.06 20:44:48 INFO  List(1, 2, 4, 5, 6, 7)
2020.07.06 20:44:48 INFO  Canceling debug proxy for [example.Hello]
Jul 06, 2020 8:44:48 PM org.eclipse.lsp4j.jsonrpc.json.StreamMessageProducer fireError
SEVERE: java.net.SocketException: Socket closed
org.eclipse.lsp4j.jsonrpc.JsonRpcException: java.net.SocketException: Socket closed
	at org.eclipse.lsp4j.jsonrpc.json.StreamMessageConsumer.consume(StreamMessageConsumer.java:72)
	at scala.meta.internal.metals.debug.SocketEndpoint.consume(SocketEndpoint.scala:22)
	at scala.meta.internal.metals.debug.MessageIdAdapter.consume(MessageIdAdapter.scala:43)
	at scala.meta.internal.metals.debug.ServerAdapter.send(ServerAdapter.scala:30)
	at scala.meta.internal.metals.debug.DebugProxy.$anonfun$handleClientMessage$1(DebugProxy.scala:85)
	at scala.meta.internal.metals.debug.MessageIdAdapter.$anonfun$listen$1(MessageIdAdapter.scala:57)
	at org.eclipse.lsp4j.jsonrpc.json.StreamMessageProducer.handleMessage(StreamMessageProducer.java:194)
	at org.eclipse.lsp4j.jsonrpc.json.StreamMessageProducer.listen(StreamMessageProducer.java:94)
	at scala.meta.internal.metals.debug.SocketEndpoint.listen(SocketEndpoint.scala:26)
	at scala.meta.internal.metals.debug.MessageIdAdapter.listen(MessageIdAdapter.scala:47)
	at scala.meta.internal.metals.debug.DebugProxy.$anonfun$listenToClient$1(DebugProxy.scala:50)
	at scala.runtime.java8.JFunction0$mcV$sp.apply(JFunction0$mcV$sp.java:23)
	at scala.concurrent.Future$.$anonfun$apply$1(Future.scala:659)
	at scala.util.Success.$anonfun$map$1(Try.scala:255)
	at scala.util.Success.map(Try.scala:213)
	at scala.concurrent.Future.$anonfun$map$1(Future.scala:292)
	at scala.concurrent.impl.Promise.liftedTree1$1(Promise.scala:33)
	at scala.concurrent.impl.Promise.$anonfun$transform$1(Promise.scala:33)
	at scala.concurrent.impl.CallbackRunnable.run(Promise.scala:64)
	at java.util.concurrent.ThreadPoolExecutor.runWorker(ThreadPoolExecutor.java:1149)
	at java.util.concurrent.ThreadPoolExecutor$Worker.run(ThreadPoolExecutor.java:624)
	at java.lang.Thread.run(Thread.java:748)
Caused by: java.net.SocketException: Socket closed
	at java.net.SocketOutputStream.socketWrite(SocketOutputStream.java:118)
	at java.net.SocketOutputStream.write(SocketOutputStream.java:155)
	at java.io.BufferedOutputStream.flushBuffer(BufferedOutputStream.java:82)
	at java.io.BufferedOutputStream.flush(BufferedOutputStream.java:140)
	at org.eclipse.lsp4j.jsonrpc.json.StreamMessageConsumer.consume(StreamMessageConsumer.java:69)
	... 21 more

2020.07.06 20:44:53 INFO  Listening for transport dt_socket at address: 60694
2020.07.06 20:44:54 INFO  tracing is disabled for protocol dap-server, to enable tracing of incoming and outgoing JSON messages create an empty file at C:\Users\gjuoun\AppData\Local\scalameta\metals\cache\dap-server.trace.json
2020.07.06 20:44:54 INFO  tracing is disabled for protocol dap-client, to enable tracing of incoming and outgoing JSON messages create an empty file at C:\Users\gjuoun\AppData\Local\scalameta\metals\cache\dap-client.trace.json
2020.07.06 20:44:55 INFO  Starting debug proxy for [example.Hello]
2020.07.06 20:44:55 INFO  Trying to attach to remote debuggee VM localhost:60694 .
2020.07.06 20:44:55 INFO  Attaching to debuggee VM succeeded.
2020.07.06 20:44:55 INFO  List(1, 2, 4, 5, 6, 7)
2020.07.06 20:44:55 INFO  Canceling debug proxy for [example.Hello]
